Using pre-set license
Built from '6000.0/staging' branch; Version is '6000.0.31f1 (a206c360e2a8) revision 10618563'; Using compiler version '193933523'; Build Type 'Release'
OS: 'Windows 11  (10.0.26100) 64bit Professional' Language: 'pt' Physical Memory: 16072 MB
BatchMode: 1, IsHumanControllingUs: 0, StartBugReporterOnCrash: 0, Is64bit: 1, IsPro: 1

COMMAND LINE ARGUMENTS:
C:\Program Files\Unity 6000.0.31f1\Editor\Unity.exe
-adb2
-batchMode
-noUpm
-name
AssetImportWorker0
-projectPath
C:/Users/kevin.232122/Documents/GitHub/Jogo3D/ThePathToSanity
-logFile
Logs/AssetImportWorker0.log
-srvPort
52184
-job-worker-count
9
-background-job-worker-count
8
-gc-helper-count
1
Successfully changed project path to: C:/Users/kevin.232122/Documents/GitHub/Jogo3D/ThePathToSanity
C:/Users/kevin.232122/Documents/GitHub/Jogo3D/ThePathToSanity
[UnityMemory] Configuration Parameters - Can be set up in boot.config
    "memorysetup-bucket-allocator-granularity=16"
    "memorysetup-bucket-allocator-bucket-count=8"
    "memorysetup-bucket-allocator-block-size=33554432"
    "memorysetup-bucket-allocator-block-count=8"
    "memorysetup-main-allocator-block-size=16777216"
    "memorysetup-thread-allocator-block-size=16777216"
    "memorysetup-gfx-main-allocator-block-size=16777216"
    "memorysetup-gfx-thread-allocator-block-size=16777216"
    "memorysetup-cache-allocator-block-size=4194304"
    "memorysetup-typetree-allocator-block-size=2097152"
    "memorysetup-profiler-bucket-allocator-granularity=16"
    "memorysetup-profiler-bucket-allocator-bucket-count=8"
    "memorysetup-profiler-bucket-allocator-block-size=33554432"
    "memorysetup-profiler-bucket-allocator-block-count=8"
    "memorysetup-profiler-allocator-block-size=16777216"
    "memorysetup-profiler-editor-allocator-block-size=1048576"
    "memorysetup-temp-allocator-size-main=16777216"
    "memorysetup-job-temp-allocator-block-size=2097152"
    "memorysetup-job-temp-allocator-block-size-background=1048576"
    "memorysetup-job-temp-allocator-reduction-small-platforms=262144"
    "memorysetup-allocator-temp-initial-block-size-main=262144"
    "memorysetup-allocator-temp-initial-block-size-worker=262144"
    "memorysetup-temp-allocator-size-background-worker=32768"
    "memorysetup-temp-allocator-size-job-worker=262144"
    "memorysetup-temp-allocator-size-preload-manager=33554432"
    "memorysetup-temp-allocator-size-nav-mesh-worker=65536"
    "memorysetup-temp-allocator-size-audio-worker=65536"
    "memorysetup-temp-allocator-size-cloud-worker=32768"
    "memorysetup-temp-allocator-size-gi-baking-worker=262144"
    "memorysetup-temp-allocator-size-gi-baking-worker=262144"
    "memorysetup-temp-allocator-size-gi-baking-worker=262144"
    "memorysetup-temp-allocator-size-gi-baking-worker=262144"
    "memorysetup-temp-allocator-size-gi-baking-worker=262144"
    "memorysetup-temp-allocator-size-gfx=262144"
Player connection [9012]  Target information:

Player connection [9012]  * "[IP] 192.168.35.1 [Port] 0 [Flags] 2 [Guid] 2939802884 [EditorId] 2939802884 [Version] 1048832 [Id] WindowsEditor(7,L-1-10-54--28) [Debug] 1 [PackageName] WindowsEditor [ProjectName] Editor" 

Player connection [9012]  * "[IP] 192.168.150.1 [Port] 0 [Flags] 2 [Guid] 2939802884 [EditorId] 2939802884 [Version] 1048832 [Id] WindowsEditor(7,L-1-10-54--28) [Debug] 1 [PackageName] WindowsEditor [ProjectName] Editor" 

Player connection [9012]  * "[IP] 192.168.56.1 [Port] 0 [Flags] 2 [Guid] 2939802884 [EditorId] 2939802884 [Version] 1048832 [Id] WindowsEditor(7,L-1-10-54--28) [Debug] 1 [PackageName] WindowsEditor [ProjectName] Editor" 

Player connection [9012]  * "[IP] 10.120.0.11 [Port] 0 [Flags] 2 [Guid] 2939802884 [EditorId] 2939802884 [Version] 1048832 [Id] WindowsEditor(7,L-1-10-54--28) [Debug] 1 [PackageName] WindowsEditor [ProjectName] Editor" 

Player connection [9012] Host joined multi-casting on [225.0.0.222:54997]...
Player connection [9012] Host joined alternative multi-casting on [225.0.0.222:34997]...
JobSystem: Creating JobQueue using job-worker-count value 9
[Physics::Module] Initialized fallback backend.
[Physics::Module] Id: 0xdecafbad
Library Redirect Path: Library/
[Physics::Module] Selected backend.
[Physics::Module] Name: PhysX
[Physics::Module] Id: 0xf2b8ea05
[Physics::Module] SDK Version: 4.1.2
[Physics::Module] Integration Version: 1.0.0
[Physics::Module] Threading Mode: Multi-Threaded
Refreshing native plugins compatible for Editor in 1.34 ms, found 3 plugins.
Preloading 0 native plugins for Editor in 0.00 ms.
Initialize engine version: 6000.0.31f1 (a206c360e2a8)
[Subsystems] Discovering subsystems at path C:/Program Files/Unity 6000.0.31f1/Editor/Data/Resources/UnitySubsystems
[Subsystems] Discovering subsystems at path C:/Users/kevin.232122/Documents/GitHub/Jogo3D/ThePathToSanity/Assets
GfxDevice: creating device client; kGfxThreadingModeNonThreaded
Direct3D:
    Version:  Direct3D 11.0 [level 11.1]
    Renderer: Intel(R) UHD Graphics 770 (ID=0x4680)
    Vendor:   Intel
    VRAM:     8036 MB
    Driver:   32.0.101.6078
Initialize mono
Mono path[0] = 'C:/Program Files/Unity 6000.0.31f1/Editor/Data/Managed'
Mono path[1] = 'C:/Program Files/Unity 6000.0.31f1/Editor/Data/MonoBleedingEdge/lib/mono/unityjit-win32'
Mono config path = 'C:/Program Files/Unity 6000.0.31f1/Editor/Data/MonoBleedingEdge/etc'
Using monoOptions --debugger-agent=transport=dt_socket,embedding=1,server=y,suspend=n,address=127.0.0.1:56732
Begin MonoManager ReloadAssembly
Registering precompiled unity dll's ...
Register platform support module: C:/Program Files/Unity 6000.0.31f1/Editor/Data/PlaybackEngines/WindowsStandaloneSupport/UnityEditor.WindowsStandalone.Extensions.dll
Registered in 0.002783 seconds.
- Loaded All Assemblies, in  0.402 seconds
Native extension for WindowsStandalone target not found
Mono: successfully reloaded assembly
- Finished resetting the current domain, in  0.343 seconds
Domain Reload Profiling: 744ms
	BeginReloadAssembly (147ms)
		ExecutionOrderSort (0ms)
		DisableScriptedObjects (0ms)
		BackupInstance (0ms)
		ReleaseScriptingObjects (0ms)
		CreateAndSetChildDomain (1ms)
	RebuildCommonClasses (37ms)
	RebuildNativeTypeToScriptingClass (11ms)
	initialDomainReloadingComplete (49ms)
	LoadAllAssembliesAndSetupDomain (156ms)
		LoadAssemblies (144ms)
		RebuildTransferFunctionScriptingTraits (0ms)
		AnalyzeDomain (153ms)
			TypeCache.Refresh (151ms)
				TypeCache.ScanAssembly (137ms)
			BuildScriptInfoCaches (0ms)
			ResolveRequiredComponents (1ms)
	FinalizeReload (343ms)
		ReleaseScriptCaches (0ms)
		RebuildScriptCaches (0ms)
		SetupLoadedEditorAssemblies (298ms)
			LogAssemblyErrors (0ms)
			InitializePlatformSupportModulesInManaged (25ms)
			SetLoadedEditorAssemblies (5ms)
			BeforeProcessingInitializeOnLoad (56ms)
			ProcessInitializeOnLoadAttributes (157ms)
			ProcessInitializeOnLoadMethodAttributes (55ms)
			AfterProcessingInitializeOnLoad (0ms)
			EditorAssembliesLoaded (0ms)
		ExecutionOrderSort2 (0ms)
		AwakeInstancesAfterBackupRestoration (0ms)
========================================================================
Worker process is ready to serve import requests
Import Worker Mode flag is 0x00
Begin MonoManager ReloadAssembly
- Loaded All Assemblies, in  0.744 seconds
Refreshing native plugins compatible for Editor in 0.99 ms, found 3 plugins.
Native extension for WindowsStandalone target not found
Mono: successfully reloaded assembly
- Finished resetting the current domain, in  0.561 seconds
Domain Reload Profiling: 1303ms
	BeginReloadAssembly (194ms)
		ExecutionOrderSort (0ms)
		DisableScriptedObjects (8ms)
		BackupInstance (0ms)
		ReleaseScriptingObjects (0ms)
		CreateAndSetChildDomain (34ms)
	RebuildCommonClasses (32ms)
	RebuildNativeTypeToScriptingClass (12ms)
	initialDomainReloadingComplete (40ms)
	LoadAllAssembliesAndSetupDomain (464ms)
		LoadAssemblies (372ms)
		RebuildTransferFunctionScriptingTraits (0ms)
		AnalyzeDomain (207ms)
			TypeCache.Refresh (155ms)
				TypeCache.ScanAssembly (139ms)
			BuildScriptInfoCaches (41ms)
			ResolveRequiredComponents (7ms)
	FinalizeReload (561ms)
		ReleaseScriptCaches (0ms)
		RebuildScriptCaches (0ms)
		SetupLoadedEditorAssemblies (453ms)
			LogAssemblyErrors (0ms)
			InitializePlatformSupportModulesInManaged (2ms)
			SetLoadedEditorAssemblies (4ms)
			BeforeProcessingInitializeOnLoad (82ms)
			ProcessInitializeOnLoadAttributes (335ms)
			ProcessInitializeOnLoadMethodAttributes (26ms)
			AfterProcessingInitializeOnLoad (3ms)
			EditorAssembliesLoaded (0ms)
		ExecutionOrderSort2 (0ms)
		AwakeInstancesAfterBackupRestoration (6ms)
Launched and connected shader compiler UnityShaderCompiler.exe after 0.02 seconds
Refreshing native plugins compatible for Editor in 0.88 ms, found 3 plugins.
Preloading 0 native plugins for Editor in 0.00 ms.
Unloading 8 Unused Serialized files (Serialized files now loaded: 0)
Unloading 3705 unused Assets / (1.2 MB). Loaded Objects now: 4192.
Memory consumption went from 83.4 MB to 82.2 MB.
Total: 5.923100 ms (FindLiveObjects: 0.378800 ms CreateObjectMapping: 0.254300 ms MarkObjects: 4.248100 ms  DeleteObjects: 1.040700 ms)

========================================================================
Received Import Request.
  Time since last request: 13733.707963 seconds.
  path: Assets/Animations/idle 1.fbx
  artifactKey: Guid(cddf3935a3a2c864d995857c32d7757c) Importer(815301076,1909f56bfc062723c751e8b465ee728b)
Start importing Assets/Animations/idle 1.fbx using Guid(cddf3935a3a2c864d995857c32d7757c) Importer(815301076,1909f56bfc062723c751e8b465ee728b) (PreviewImporter) -> (artifact id: '26a702734a262a75cc15585ff99f0760') in 0.2196757 seconds
Number of updated asset objects reloaded before import = 0Number of asset objects unloaded after import = 118

========================================================================
Received Import Request.
  Time since last request: 7.684120 seconds.
  path: Assets/Animations/idle 1.fbx
  artifactKey: Guid(cddf3935a3a2c864d995857c32d7757c) Importer(815301076,1909f56bfc062723c751e8b465ee728b)
Start importing Assets/Animations/idle 1.fbx using Guid(cddf3935a3a2c864d995857c32d7757c) Importer(815301076,1909f56bfc062723c751e8b465ee728b) (PreviewImporter) -> (artifact id: 'd37a72e2e04f7e49e62f4189b7dc4ed2') in 0.0439239 seconds
Number of updated asset objects reloaded before import = 0Number of asset objects unloaded after import = 116

========================================================================
Received Import Request.
  Time since last request: 106.142736 seconds.
  path: Assets/Animations/New Material.mat
  artifactKey: Guid(52c53ba6a8e9aee4da0635cd8cde80d2) Importer(815301076,1909f56bfc062723c751e8b465ee728b)
Start importing Assets/Animations/New Material.mat using Guid(52c53ba6a8e9aee4da0635cd8cde80d2) Importer(815301076,1909f56bfc062723c751e8b465ee728b) (PreviewImporter) -> (artifact id: '6f0acb9a1df6fd5b126efc6570a7d29e') in 0.0225355 seconds
Number of updated asset objects reloaded before import = 0Number of asset objects unloaded after import = 1

========================================================================
Received Import Request.
  Time since last request: 57.911896 seconds.
  path: Assets/Animations/clown_idle.fbx
  artifactKey: Guid(e87f18e6fabde2a4fa6fe7ad3c04107c) Importer(815301076,1909f56bfc062723c751e8b465ee728b)
Start importing Assets/Animations/clown_idle.fbx using Guid(e87f18e6fabde2a4fa6fe7ad3c04107c) Importer(815301076,1909f56bfc062723c751e8b465ee728b) (PreviewImporter) -> (artifact id: 'faecbc9e76a5b72a3bfb102e75e3ec11') in 0.0371732 seconds
Number of updated asset objects reloaded before import = 0Number of asset objects unloaded after import = 144

========================================================================
Received Import Request.
  Time since last request: 185.083246 seconds.
  path: Assets/Animations/clown_run.fbx
  artifactKey: Guid(d23992d3cd1f68340bb198070325ac3c) Importer(815301076,1909f56bfc062723c751e8b465ee728b)
Start importing Assets/Animations/clown_run.fbx using Guid(d23992d3cd1f68340bb198070325ac3c) Importer(815301076,1909f56bfc062723c751e8b465ee728b) (PreviewImporter) -> (artifact id: '32df6d9ab0c95f1f312b39d366077ce1') in 0.0628222 seconds
Number of updated asset objects reloaded before import = 0Number of asset objects unloaded after import = 144

========================================================================
Received Import Request.
  Time since last request: 31.958717 seconds.
  path: Assets/Animations/Monstro.fbx
  artifactKey: Guid(22e4ebfdea2625e4397f7c8f00eaf386) Importer(815301076,1909f56bfc062723c751e8b465ee728b)
Start importing Assets/Animations/Monstro.fbx using Guid(22e4ebfdea2625e4397f7c8f00eaf386) Importer(815301076,1909f56bfc062723c751e8b465ee728b) (PreviewImporter) -> (artifact id: '2924678ca8c8fde699ef582c4ce89661') in 0.0378426 seconds
Number of updated asset objects reloaded before import = 0Number of asset objects unloaded after import = 75

